#
# A fatal error has been detected by the Java Runtime Environment:
#
#  SIGSEGV (0xb) at pc=0x00007fc381a6f815, pid=3695, tid=140476971742976
#
# JRE version: OpenJDK Runtime Environment (7.0_55-b14) (build 1.7.0_55-b14)
# Java VM: OpenJDK 64-Bit Server VM (24.51-b03 mixed mode linux-amd64 compressed oops)
# Problematic frame:
# V  [libjvm.so+0x4ee815]  frame::sender(RegisterMap*) const+0x245
#
# Failed to write core dump. Core dumps have been disabled. To enable core dumping, try "ulimit -c unlimited" before starting Java again
#
# If you would like to submit a bug report, please include
# instructions on how to reproduce the bug and visit:
#   http://icedtea.classpath.org/bugzilla
#

---------------  T H R E A D  ---------------

Current thread (0x00007fc37c0ad000):  JavaThread "JDWP Transport Listener: dt_socket" daemon [_thread_in_vm, id=3713, stack(0x00007fc357eff000,0x00007fc358000000)]

siginfo:si_signo=SIGSEGV: si_errno=0, si_code=1 (SEGV_MAPERR), si_addr=0x0000021887894958

Registers:
RAX=0x0000021887894958, RBX=0x00007fc357ffd600, RCX=0x0000000000032000, RDX=0x00007fc357ffd660
RSP=0x00007fc357ffd550, RBP=0x00007fc357ffd580, RSI=0x00007fc3785f2360, RDI=0x0000000000000000
R8 =0x00007fc3830cedb8, R9 =0x0000000000000018, R10=0x0000000000000800, R11=0x0000000000000000
R12=0x00007fc34c3cb708, R13=0x00007fc357ffd590, R14=0x00007fc382328638, R15=0x00007fc357ffd660
RIP=0x00007fc381a6f815, EFLAGS=0x0000000000010246, CSGSFS=0x0000000000000033, ERR=0x0000000000000004
  TRAPNO=0x000000000000000e

Top of Stack: (sp=0x00007fc357ffd550)
0x00007fc357ffd550:   00007fc357ffd5b0 00007fc357ffd600
0x00007fc357ffd560:   00007fc357ffd660 00007fc357ffd590
0x00007fc357ffd570:   00007fc382328638 000000000000001f
0x00007fc357ffd580:   00007fc357ffd5e0 00007fc381a6c83c
0x00007fc357ffd590:   0000000000000000 00007fc357ffd5cf
0x00007fc357ffd5a0:   0000000000000000 00007fc381cec6dc
0x00007fc357ffd5b0:   00007fc357ffd680 00007fc381da0079
0x00007fc357ffd5c0:   00007fc357ffd660 00007fc34c3cb700
0x00007fc357ffd5d0:   00007fc357ffd660 00007fc357ffd600
0x00007fc357ffd5e0:   00007fc357ffe210 00007fc381e8c4a7
0x00007fc357ffd5f0:   00007fc382328638 00007fc37c0ad560
0x00007fc357ffd600:   00007fc3785cf4d4 4100000275978a41
0x00007fc357ffd610:   0000000000000000 0000000000000000
0x00007fc357ffd620:   0000021887894958 00007fc3785cf4d4
0x00007fc357ffd630:   00007fc33c046720 00007fc381da0079
0x00007fc357ffd640:   00007fc357ffd6e0 00007fc34c03b5b0
0x00007fc357ffd650:   00007fc357ffd6e0 00007fc357ffd680
0x00007fc357ffd660:   0000000000000000 0000000000000000
0x00007fc357ffd670:   0000000000000000 0000000000000000
0x00007fc357ffd680:   0000000000000000 0000000000000000
0x00007fc357ffd690:   0000000000000000 0000000000000000
0x00007fc357ffd6a0:   0000000000000000 0000000000000000
0x00007fc357ffd6b0:   00007fc3830cedb8 00007fc3830cedb8
0x00007fc357ffd6c0:   0000000000000000 0000000000000000
0x00007fc357ffd6d0:   0000000000000000 0000000000000000
0x00007fc357ffd6e0:   0000000000000000 0000000000000000
0x00007fc357ffd6f0:   0000000000000000 0000000000000000
0x00007fc357ffd700:   0000000000000000 0000000000000000
0x00007fc357ffd710:   0000000000000000 0000000000000000
0x00007fc357ffd720:   0000000000000000 0000000000000000
0x00007fc357ffd730:   0000000000000000 0000000000000000
0x00007fc357ffd740:   0000000000000000 0000000000000000 

Instructions: (pc=0x00007fc381a6f815)
0x00007fc381a6f7f5:   e9 93 fe ff ff 66 0f 1f 44 00 00 c7 43 18 00 00
0x00007fc381a6f805:   00 00 e9 09 ff ff ff 0f 1f 40 00 49 8b 44 24 20
0x00007fc381a6f815:   48 8b 10 48 8b 78 08 48 83 c0 10 48 89 03 48 89
0x00007fc381a6f825:   43 28 48 89 53 20 e9 25 fe ff ff 48 8d 0d 39 99 

Register to memory mapping:

RAX=0x0000021887894958 is an unknown value
RBX=0x00007fc357ffd600 is pointing into the stack for thread: 0x00007fc37c0ad000
RCX=0x0000000000032000 is an unknown value
RDX=0x00007fc357ffd660 is pointing into the stack for thread: 0x00007fc37c0ad000
RSP=0x00007fc357ffd550 is pointing into the stack for thread: 0x00007fc37c0ad000
RBP=0x00007fc357ffd580 is pointing into the stack for thread: 0x00007fc37c0ad000
RSI=0x00007fc3785f2360 is an unknown value
RDI=0x0000000000000000 is an unknown value
R8 =0x00007fc3830cedb8 is pointing into the stack for thread: 0x00007fc37c00c800
R9 =0x0000000000000018 is an unknown value
R10=0x0000000000000800 is an unknown value
R11=0x0000000000000000 is an unknown value
R12=0x00007fc34c3cb708 is an unknown value
R13=0x00007fc357ffd590 is pointing into the stack for thread: 0x00007fc37c0ad000
R14=0x00007fc382328638: <offset 0xda7638> in /usr/lib/jvm/java-7-openjdk-amd64/jre/lib/amd64/server/libjvm.so at 0x00007fc381581000
R15=0x00007fc357ffd660 is pointing into the stack for thread: 0x00007fc37c0ad000


Stack: [0x00007fc357eff000,0x00007fc358000000],  sp=0x00007fc357ffd550,  free space=1017k
Native frames: (J=compiled Java code, j=interpreted, Vv=VM code, C=native code)
V  [libjvm.so+0x4ee815]  frame::sender(RegisterMap*) const+0x245
V  [libjvm.so+0x4eb83c]  frame::real_sender(RegisterMap*) const+0x1c
V  [libjvm.so+0x90b4a7]  vframe::sender() const+0x57
V  [libjvm.so+0x90b778]  vframe::java_sender() const+0x28
V  [libjvm.so+0x66c9a8]  JvmtiEnvBase::vframeFor(JavaThread*, int)+0x68
V  [libjvm.so+0x66d877]  JvmtiEnvBase::get_frame_location(JavaThread*, int, _jmethodID**, long*)+0x77
V  [libjvm.so+0x664034]  JvmtiEnv::GetFrameLocation(JavaThread*, int, _jmethodID**, long*)+0xb4
V  [libjvm.so+0x61d7be]  jvmti_GetFrameLocation+0x18e
C  [libjdwp.so+0xa4ca]  getenv+0xa4ca
C  [libjdwp.so+0x115d8]  Agent_OnLoad+0x1b18
C  [libjdwp.so+0x236f5]  Agent_OnLoad+0x13c35
V  [libjvm.so+0x67f79b]  JvmtiAgentThread::start_function_wrapper(JavaThread*, Thread*)+0x9b
V  [libjvm.so+0x8cdfb0]  JavaThread::thread_main_inner()+0xf0
V  [libjvm.so+0x8ce221]  JavaThread::run()+0x221
V  [libjvm.so+0x795e92]  java_start(Thread*)+0xf2


---------------  P R O C E S S  ---------------

Java Threads: ( => current thread )
  0x00007fc350001000 JavaThread "SIGTERM handler" daemon [_thread_blocked, id=3740, stack(0x00007fc357cfd000,0x00007fc357dfe000)]
  0x00007fc37c0b8000 JavaThread "Service Thread" daemon [_thread_blocked, id=3722, stack(0x00007fc3579fa000,0x00007fc357afb000)]
  0x00007fc37c0b5800 JavaThread "C2 CompilerThread1" daemon [_thread_blocked, id=3721, stack(0x00007fc357afb000,0x00007fc357bfc000)]
  0x00007fc37c0b3000 JavaThread "C2 CompilerThread0" daemon [_thread_blocked, id=3720, stack(0x00007fc357bfc000,0x00007fc357cfd000)]
  0x00007fc37c0b0800 JavaThread "JDWP Event Helper Thread" daemon [_thread_blocked, id=3715, stack(0x00007fc357dfe000,0x00007fc357eff000)]
=>0x00007fc37c0ad000 JavaThread "JDWP Transport Listener: dt_socket" daemon [_thread_in_vm, id=3713, stack(0x00007fc357eff000,0x00007fc358000000)]
  0x00007fc37c07e000 JavaThread "Finalizer" daemon [_thread_blocked, id=3709, stack(0x00007fc3743b3000,0x00007fc3744b4000)]
  0x00007fc37c07c000 JavaThread "Reference Handler" daemon [_thread_blocked, id=3708, stack(0x00007fc3744b4000,0x00007fc3745b5000)]
  0x00007fc37c00c800 JavaThread "main" [_thread_blocked, id=3701, stack(0x00007fc383055000,0x00007fc383156000)]

Other Threads:
  0x00007fc37c077800 VMThread [stack: 0x00007fc3745b5000,0x00007fc3746b6000] [id=3707]

VM state:synchronizing (normal execution)

VM Mutex/Monitor currently owned by a thread:  ([mutex/lock_event])
[0x00007fc37c008b40] Threads_lock - owner thread: 0x00007fc37c077800

Heap
 PSYoungGen      total 17920K, used 2787K [0x00000000ec700000, 0x00000000eda80000, 0x0000000100000000)
  eden space 15872K, 17% used [0x00000000ec700000,0x00000000ec9b8e90,0x00000000ed680000)
  from space 2048K, 0% used [0x00000000ed880000,0x00000000ed880000,0x00000000eda80000)
  to   space 2048K, 0% used [0x00000000ed680000,0x00000000ed680000,0x00000000ed880000)
 ParOldGen       total 39936K, used 0K [0x00000000c5600000, 0x00000000c7d00000, 0x00000000ec700000)
  object space 39936K, 0% used [0x00000000c5600000,0x00000000c5600000,0x00000000c7d00000)
 PSPermGen       total 21504K, used 2906K [0x00000000bb000000, 0x00000000bc500000, 0x00000000c5600000)
  object space 21504K, 13% used [0x00000000bb000000,0x00000000bb2d6a38,0x00000000bc500000)

Card table byte_map: [0x00007fc378392000,0x00007fc3785bb000] byte_map_base: 0x00007fc377dba000

Polling page: 0x00007fc383171000

Code Cache  [0x00007fc3785bb000, 0x00007fc37882b000, 0x00007fc37b5bb000)
 total_blobs=236 nmethods=62 adapters=137 free_code_cache=48619Kb largest_free_block=49763200

Compilation events (10 events):
Event: 19.201 Thread 0x00007fc37c0b5800 nmethod 57 0x00007fc37863ed10 code [0x00007fc37863ee60, 0x00007fc37863ef68]
Event: 19.201 Thread 0x00007fc37c0b5800   59             java.io.PrintStream::print (13 bytes)
Event: 19.213 Thread 0x00007fc37c0b5800 nmethod 59 0x00007fc378637b10 code [0x00007fc378637cc0, 0x00007fc3786383a8]
Event: 19.213 Thread 0x00007fc37c0b5800   60   !         java.io.PrintStream::write (83 bytes)
Event: 19.220 Thread 0x00007fc37c0b3000 nmethod 58 0x00007fc37863f290 code [0x00007fc37863f4c0, 0x00007fc37863ff80]
Event: 19.220 Thread 0x00007fc37c0b3000   61   !         java.io.PrintStream::newLine (73 bytes)
Event: 19.226 Thread 0x00007fc37c0b3000 nmethod 61 0x00007fc378643110 code [0x00007fc3786432c0, 0x00007fc3786438b0]
Event: 19.226 Thread 0x00007fc37c0b3000   62             loyal.Battle.Actions.Ability::getName (15 bytes)
Event: 19.228 Thread 0x00007fc37c0b3000 nmethod 62 0x00007fc378641410 code [0x00007fc378641580, 0x00007fc3786416e8]
Event: 19.239 Thread 0x00007fc37c0b5800 nmethod 60 0x00007fc378642290 code [0x00007fc378642440, 0x00007fc378642b48]

GC Heap History (0 events):
No events

Deoptimization events (0 events):
No events

Internal exceptions (10 events):
Event: 0.302 Thread 0x00007fc37c00c800 Threw 0x00000000ec7c23d8 at /build/buildd/openjdk-7-7u55-2.4.7/build/openjdk/hotspot/src/share/vm/prims/jvm.cpp:1244
Event: 0.303 Thread 0x00007fc37c00c800 Threw 0x00000000ec7c56d8 at /build/buildd/openjdk-7-7u55-2.4.7/build/openjdk/hotspot/src/share/vm/prims/jvm.cpp:1244
Event: 0.304 Thread 0x00007fc37c00c800 Threw 0x00000000ec7c8e68 at /build/buildd/openjdk-7-7u55-2.4.7/build/openjdk/hotspot/src/share/vm/prims/jvm.cpp:1244
Event: 0.305 Thread 0x00007fc37c00c800 Threw 0x00000000ec7cc670 at /build/buildd/openjdk-7-7u55-2.4.7/build/openjdk/hotspot/src/share/vm/prims/jvm.cpp:1244
Event: 0.306 Thread 0x00007fc37c00c800 Threw 0x00000000ec7cf9c8 at /build/buildd/openjdk-7-7u55-2.4.7/build/openjdk/hotspot/src/share/vm/prims/jvm.cpp:1244
Event: 0.307 Thread 0x00007fc37c00c800 Threw 0x00000000ec7d3218 at /build/buildd/openjdk-7-7u55-2.4.7/build/openjdk/hotspot/src/share/vm/prims/jvm.cpp:1244
Event: 0.308 Thread 0x00007fc37c00c800 Threw 0x00000000ec7d6000 at /build/buildd/openjdk-7-7u55-2.4.7/build/openjdk/hotspot/src/share/vm/prims/jvm.cpp:1244
Event: 0.310 Thread 0x00007fc37c00c800 Threw 0x00000000ec7d9380 at /build/buildd/openjdk-7-7u55-2.4.7/build/openjdk/hotspot/src/share/vm/prims/jvm.cpp:1244
Event: 0.320 Thread 0x00007fc37c00c800 Threw 0x00000000ec7dcb38 at /build/buildd/openjdk-7-7u55-2.4.7/build/openjdk/hotspot/src/share/vm/prims/jvm.cpp:1244
Event: 19.330 Thread 0x00007fc37c00c800 Threw 0x00000000ec8ddbf8 at /build/buildd/openjdk-7-7u55-2.4.7/build/openjdk/hotspot/src/share/vm/interpreter/interpreterRuntime.cpp:304

Events (10 events):
Event: 19.425 loading class 0x00007fc37591afc0
Event: 19.425 loading class 0x00007fc37591afc0 done
Event: 22.248 Thread 0x00007fc34c001000 Thread exited: 0x00007fc34c001000
Event: 25.261 loading class 0x00007fc375920d10
Event: 25.261 loading class 0x00007fc375920d10 done
Event: 25.261 Thread 0x00007fc350001000 Thread added: 0x00007fc350001000
Event: 25.262 loading class 0x00007fc3758d7460
Event: 25.262 loading class 0x00007fc3758d7460 done
Event: 25.262 loading class 0x00007fc33c03df10
Event: 25.262 loading class 0x00007fc33c03df10 done


Dynamic libraries:
00400000-00401000 r-xp 00000000 08:05 2224130                            /usr/lib/jvm/java-7-openjdk-amd64/jre/bin/java
00600000-00601000 r--p 00000000 08:05 2224130                            /usr/lib/jvm/java-7-openjdk-amd64/jre/bin/java
00601000-00602000 rw-p 00001000 08:05 2224130                            /usr/lib/jvm/java-7-openjdk-amd64/jre/bin/java
01cea000-01d0b000 rw-p 00000000 00:00 0                                  [heap]
bb000000-bc500000 rw-p 00000000 00:00 0 
bc500000-c5600000 rw-p 00000000 00:00 0 
c5600000-c7d00000 rw-p 00000000 00:00 0 
c7d00000-ec700000 rw-p 00000000 00:00 0 
ec700000-eda80000 rw-p 00000000 00:00 0 
eda80000-100000000 rw-p 00000000 00:00 0 
7fc334000000-7fc334021000 rw-p 00000000 00:00 0 
7fc334021000-7fc338000000 ---p 00000000 00:00 0 
7fc338000000-7fc338021000 rw-p 00000000 00:00 0 
7fc338021000-7fc33c000000 ---p 00000000 00:00 0 
7fc33c000000-7fc33c2aa000 rw-p 00000000 00:00 0 
7fc33c2aa000-7fc340000000 ---p 00000000 00:00 0 
7fc340000000-7fc3402fb000 rw-p 00000000 00:00 0 
7fc3402fb000-7fc344000000 ---p 00000000 00:00 0 
7fc344000000-7fc344021000 rw-p 00000000 00:00 0 
7fc344021000-7fc348000000 ---p 00000000 00:00 0 
7fc348000000-7fc348021000 rw-p 00000000 00:00 0 
7fc348021000-7fc34c000000 ---p 00000000 00:00 0 
7fc34c000000-7fc34c4e2000 rw-p 00000000 00:00 0 
7fc34c4e2000-7fc350000000 ---p 00000000 00:00 0 
7fc350000000-7fc350021000 rw-p 00000000 00:00 0 
7fc350021000-7fc354000000 ---p 00000000 00:00 0 
7fc3576c3000-7fc3578f9000 rw-p 00000000 00:00 0 
7fc3578f9000-7fc3578fa000 ---p 00000000 00:00 0 
7fc3578fa000-7fc3579fa000 rw-p 00000000 00:00 0 
7fc3579fa000-7fc3579fd000 ---p 00000000 00:00 0 
7fc3579fd000-7fc357afb000 rw-p 00000000 00:00 0                          [stack:3722]
7fc357afb000-7fc357afe000 ---p 00000000 00:00 0 
7fc357afe000-7fc357bfc000 rw-p 00000000 00:00 0                          [stack:3721]
7fc357bfc000-7fc357bff000 ---p 00000000 00:00 0 
7fc357bff000-7fc357cfd000 rw-p 00000000 00:00 0                          [stack:3720]
7fc357cfd000-7fc357d00000 ---p 00000000 00:00 0 
7fc357d00000-7fc357dfe000 rw-p 00000000 00:00 0                          [stack:3740]
7fc357dfe000-7fc357e01000 ---p 00000000 00:00 0 
7fc357e01000-7fc357eff000 rw-p 00000000 00:00 0                          [stack:3715]
7fc357eff000-7fc357f02000 ---p 00000000 00:00 0 
7fc357f02000-7fc358000000 rw-p 00000000 00:00 0                          [stack:3713]
7fc358000000-7fc358021000 rw-p 00000000 00:00 0 
7fc358021000-7fc35c000000 ---p 00000000 00:00 0 
7fc35c000000-7fc35c021000 rw-p 00000000 00:00 0 
7fc35c021000-7fc360000000 ---p 00000000 00:00 0 
7fc360000000-7fc360021000 rw-p 00000000 00:00 0 
7fc360021000-7fc364000000 ---p 00000000 00:00 0 
7fc364000000-7fc364021000 rw-p 00000000 00:00 0 
7fc364021000-7fc368000000 ---p 00000000 00:00 0 
7fc368000000-7fc368021000 rw-p 00000000 00:00 0 
7fc368021000-7fc36c000000 ---p 00000000 00:00 0 
7fc36c000000-7fc36c021000 rw-p 00000000 00:00 0 
7fc36c021000-7fc370000000 ---p 00000000 00:00 0 
7fc370000000-7fc370021000 rw-p 00000000 00:00 0 
7fc370021000-7fc374000000 ---p 00000000 00:00 0 
7fc3740ad000-7fc3740b1000 r-xp 00000000 08:05 2224065                    /usr/lib/jvm/java-7-openjdk-amd64/jre/lib/amd64/libdt_socket.so
7fc3740b1000-7fc3742b0000 ---p 00004000 08:05 2224065                    /usr/lib/jvm/java-7-openjdk-amd64/jre/lib/amd64/libdt_socket.so
7fc3742b0000-7fc3742b1000 r--p 00003000 08:05 2224065                    /usr/lib/jvm/java-7-openjdk-amd64/jre/lib/amd64/libdt_socket.so
7fc3742b1000-7fc3742b2000 rw-p 00004000 08:05 2224065                    /usr/lib/jvm/java-7-openjdk-amd64/jre/lib/amd64/libdt_socket.so
7fc3742b2000-7fc3742b5000 ---p 00000000 00:00 0 
7fc3742b5000-7fc3743b3000 rw-p 00000000 00:00 0 
7fc3743b3000-7fc3743b6000 ---p 00000000 00:00 0 
7fc3743b6000-7fc3744b4000 rw-p 00000000 00:00 0                          [stack:3709]
7fc3744b4000-7fc3744b7000 ---p 00000000 00:00 0 
7fc3744b7000-7fc3745b5000 rw-p 00000000 00:00 0                          [stack:3708]
7fc3745b5000-7fc3745b6000 ---p 00000000 00:00 0 
7fc3745b6000-7fc3756b3000 rw-p 00000000 00:00 0                          [stack:3707]
7fc3756b3000-7fc375861000 r--s 01cfc000 08:05 2224111                    /usr/lib/jvm/java-7-openjdk-amd64/jre/lib/rt.jar
7fc375861000-7fc377e02000 rw-p 00000000 00:00 0 
7fc377e02000-7fc377e03000 ---p 00000000 00:00 0 
7fc377e03000-7fc377f03000 rw-p 00000000 00:00 0                          [stack:3705]
7fc377f03000-7fc377f04000 ---p 00000000 00:00 0 
7fc377f04000-7fc378004000 rw-p 00000000 00:00 0                          [stack:3704]
7fc378004000-7fc378005000 ---p 00000000 00:00 0 
7fc378005000-7fc378105000 rw-p 00000000 00:00 0                          [stack:3703]
7fc378105000-7fc378106000 ---p 00000000 00:00 0 
7fc378106000-7fc378211000 rw-p 00000000 00:00 0                          [stack:3702]
7fc378211000-7fc378259000 rw-p 00000000 00:00 0 
7fc378259000-7fc37826d000 rw-p 00000000 00:00 0 
7fc37826d000-7fc378392000 rw-p 00000000 00:00 0 
7fc378392000-7fc37839d000 rw-p 00000000 00:00 0 
7fc37839d000-7fc3783e5000 rw-p 00000000 00:00 0 
7fc3783e5000-7fc3783f9000 rw-p 00000000 00:00 0 
7fc3783f9000-7fc37851d000 rw-p 00000000 00:00 0 
7fc37851d000-7fc378528000 rw-p 00000000 00:00 0 
7fc378528000-7fc3785ba000 rw-p 00000000 00:00 0 
7fc3785ba000-7fc3785bb000 rw-p 00000000 00:00 0 
7fc3785bb000-7fc37882b000 rwxp 00000000 00:00 0 
7fc37882b000-7fc37b5bb000 rw-p 00000000 00:00 0 
7fc37b5bb000-7fc37b5c3000 r-xp 00000000 08:05 2224027                    /usr/lib/jvm/java-7-openjdk-amd64/jre/lib/amd64/libzip.so
7fc37b5c3000-7fc37b7c2000 ---p 00008000 08:05 2224027                    /usr/lib/jvm/java-7-openjdk-amd64/jre/lib/amd64/libzip.so
7fc37b7c2000-7fc37b7c3000 r--p 00007000 08:05 2224027                    /usr/lib/jvm/java-7-openjdk-amd64/jre/lib/amd64/libzip.so
7fc37b7c3000-7fc37b7c4000 rw-p 00008000 08:05 2224027                    /usr/lib/jvm/java-7-openjdk-amd64/jre/lib/amd64/libzip.so
7fc37b7c4000-7fc37b7d0000 r-xp 00000000 08:05 265723                     /lib/x86_64-linux-gnu/libnss_files-2.17.so
7fc37b7d0000-7fc37b9cf000 ---p 0000c000 08:05 265723                     /lib/x86_64-linux-gnu/libnss_files-2.17.so
7fc37b9cf000-7fc37b9d0000 r--p 0000b000 08:05 265723                     /lib/x86_64-linux-gnu/libnss_files-2.17.so
7fc37b9d0000-7fc37b9d1000 rw-p 0000c000 08:05 265723                     /lib/x86_64-linux-gnu/libnss_files-2.17.so
7fc37b9d1000-7fc37b9dc000 r-xp 00000000 08:05 265727                     /lib/x86_64-linux-gnu/libnss_nis-2.17.so
7fc37b9dc000-7fc37bbdb000 ---p 0000b000 08:05 265727                     /lib/x86_64-linux-gnu/libnss_nis-2.17.so
7fc37bbdb000-7fc37bbdc000 r--p 0000a000 08:05 265727                     /lib/x86_64-linux-gnu/libnss_nis-2.17.so
7fc37bbdc000-7fc37bbdd000 rw-p 0000b000 08:05 265727                     /lib/x86_64-linux-gnu/libnss_nis-2.17.so
7fc37bbdd000-7fc37bbf4000 r-xp 00000000 08:05 265717                     /lib/x86_64-linux-gnu/libnsl-2.17.so
7fc37bbf4000-7fc37bdf3000 ---p 00017000 08:05 265717                     /lib/x86_64-linux-gnu/libnsl-2.17.so
7fc37bdf3000-7fc37bdf4000 r--p 00016000 08:05 265717                     /lib/x86_64-linux-gnu/libnsl-2.17.so
7fc37bdf4000-7fc37bdf5000 rw-p 00017000 08:05 265717                     /lib/x86_64-linux-gnu/libnsl-2.17.so
7fc37bdf5000-7fc37bdf7000 rw-p 00000000 00:00 0 
7fc37bdf7000-7fc37bdff000 r-xp 00000000 08:05 265719                     /lib/x86_64-linux-gnu/libnss_compat-2.17.so
7fc37bdff000-7fc37bffe000 ---p 00008000 08:05 265719                     /lib/x86_64-linux-gnu/libnss_compat-2.17.so
7fc37bffe000-7fc37bfff000 r--p 00007000 08:05 265719                     /lib/x86_64-linux-gnu/libnss_compat-2.17.so
7fc37bfff000-7fc37c000000 rw-p 00008000 08:05 265719                     /lib/x86_64-linux-gnu/libnss_compat-2.17.so
7fc37c000000-7fc37cd81000 rw-p 00000000 00:00 0 
7fc37cd81000-7fc380000000 ---p 00000000 00:00 0 
7fc380014000-7fc3802dd000 r--p 00000000 08:05 2099913                    /usr/lib/locale/locale-archive
7fc3802dd000-7fc3802e0000 r-xp 00000000 08:05 2224036                    /usr/lib/jvm/java-7-openjdk-amd64/jre/lib/amd64/libnpt.so
7fc3802e0000-7fc3804df000 ---p 00003000 08:05 2224036                    /usr/lib/jvm/java-7-openjdk-amd64/jre/lib/amd64/libnpt.so
7fc3804df000-7fc3804e0000 r--p 00002000 08:05 2224036                    /usr/lib/jvm/java-7-openjdk-amd64/jre/lib/amd64/libnpt.so
7fc3804e0000-7fc3804e1000 rw-p 00003000 08:05 2224036                    /usr/lib/jvm/java-7-openjdk-amd64/jre/lib/amd64/libnpt.so
7fc3804e1000-7fc38051b000 r-xp 00000000 08:05 2224037                    /usr/lib/jvm/java-7-openjdk-amd64/jre/lib/amd64/libjdwp.so
7fc38051b000-7fc38071a000 ---p 0003a000 08:05 2224037                    /usr/lib/jvm/java-7-openjdk-amd64/jre/lib/amd64/libjdwp.so
7fc38071a000-7fc38071b000 r--p 00039000 08:05 2224037                    /usr/lib/jvm/java-7-openjdk-amd64/jre/lib/amd64/libjdwp.so
7fc38071b000-7fc38071c000 rw-p 0003a000 08:05 2224037                    /usr/lib/jvm/java-7-openjdk-amd64/jre/lib/amd64/libjdwp.so
7fc38071c000-7fc380747000 r-xp 00000000 08:05 2224014                    /usr/lib/jvm/java-7-openjdk-amd64/jre/lib/amd64/libjava.so
7fc380747000-7fc380946000 ---p 0002b000 08:05 2224014                    /usr/lib/jvm/java-7-openjdk-amd64/jre/lib/amd64/libjava.so
7fc380946000-7fc380947000 r--p 0002a000 08:05 2224014                    /usr/lib/jvm/java-7-openjdk-amd64/jre/lib/amd64/libjava.so
7fc380947000-7fc380949000 rw-p 0002b000 08:05 2224014                    /usr/lib/jvm/java-7-openjdk-amd64/jre/lib/amd64/libjava.so
7fc380949000-7fc380959000 r-xp 00000000 08:05 2224038                    /usr/lib/jvm/java-7-openjdk-amd64/jre/lib/amd64/libverify.so
7fc380959000-7fc380b58000 ---p 00010000 08:05 2224038                    /usr/lib/jvm/java-7-openjdk-amd64/jre/lib/amd64/libverify.so
7fc380b58000-7fc380b5a000 r--p 0000f000 08:05 2224038                    /usr/lib/jvm/java-7-openjdk-amd64/jre/lib/amd64/libverify.so
7fc380b5a000-7fc380b5b000 rw-p 00011000 08:05 2224038                    /usr/lib/jvm/java-7-openjdk-amd64/jre/lib/amd64/libverify.so
7fc380b5b000-7fc380b62000 r-xp 00000000 08:05 265770                     /lib/x86_64-linux-gnu/librt-2.17.so
7fc380b62000-7fc380d61000 ---p 00007000 08:05 265770                     /lib/x86_64-linux-gnu/librt-2.17.so
7fc380d61000-7fc380d62000 r--p 00006000 08:05 265770                     /lib/x86_64-linux-gnu/librt-2.17.so
7fc380d62000-7fc380d63000 rw-p 00007000 08:05 265770                     /lib/x86_64-linux-gnu/librt-2.17.so
7fc380d63000-7fc380d78000 r-xp 00000000 08:05 269183                     /lib/x86_64-linux-gnu/libgcc_s.so.1
7fc380d78000-7fc380f77000 ---p 00015000 08:05 269183                     /lib/x86_64-linux-gnu/libgcc_s.so.1
7fc380f77000-7fc380f78000 r--p 00014000 08:05 269183                     /lib/x86_64-linux-gnu/libgcc_s.so.1
7fc380f78000-7fc380f79000 rw-p 00015000 08:05 269183                     /lib/x86_64-linux-gnu/libgcc_s.so.1
7fc380f79000-7fc38107c000 r-xp 00000000 08:05 265698                     /lib/x86_64-linux-gnu/libm-2.17.so
7fc38107c000-7fc38127b000 ---p 00103000 08:05 265698                     /lib/x86_64-linux-gnu/libm-2.17.so
7fc38127b000-7fc38127c000 r--p 00102000 08:05 265698                     /lib/x86_64-linux-gnu/libm-2.17.so
7fc38127c000-7fc38127d000 rw-p 00103000 08:05 265698                     /lib/x86_64-linux-gnu/libm-2.17.so
7fc38127d000-7fc381363000 r-xp 00000000 08:05 2098497                    /usr/lib/x86_64-linux-gnu/libstdc++.so.6.0.18
7fc381363000-7fc381562000 ---p 000e6000 08:05 2098497                    /usr/lib/x86_64-linux-gnu/libstdc++.so.6.0.18
7fc381562000-7fc38156a000 r--p 000e5000 08:05 2098497                    /usr/lib/x86_64-linux-gnu/libstdc++.so.6.0.18
7fc38156a000-7fc38156c000 rw-p 000ed000 08:05 2098497                    /usr/lib/x86_64-linux-gnu/libstdc++.so.6.0.18
7fc38156c000-7fc381581000 rw-p 00000000 00:00 0 
7fc381581000-7fc382060000 r-xp 00000000 08:05 2224057                    /usr/lib/jvm/java-7-openjdk-amd64/jre/lib/amd64/server/libjvm.so
7fc382060000-7fc382260000 ---p 00adf000 08:05 2224057                    /usr/lib/jvm/java-7-openjdk-amd64/jre/lib/amd64/server/libjvm.so
7fc382260000-7fc3822f2000 r--p 00adf000 08:05 2224057                    /usr/lib/jvm/java-7-openjdk-amd64/jre/lib/amd64/server/libjvm.so
7fc3822f2000-7fc382315000 rw-p 00b71000 08:05 2224057                    /usr/lib/jvm/java-7-openjdk-amd64/jre/lib/amd64/server/libjvm.so
7fc382315000-7fc382342000 rw-p 00000000 00:00 0 
7fc382342000-7fc38235a000 r-xp 00000000 08:05 265805                     /lib/x86_64-linux-gnu/libz.so.1.2.8
7fc38235a000-7fc382559000 ---p 00018000 08:05 265805                     /lib/x86_64-linux-gnu/libz.so.1.2.8
7fc382559000-7fc38255a000 r--p 00017000 08:05 265805                     /lib/x86_64-linux-gnu/libz.so.1.2.8
7fc38255a000-7fc38255b000 rw-p 00018000 08:05 265805                     /lib/x86_64-linux-gnu/libz.so.1.2.8
7fc38255b000-7fc382572000 r-xp 00000000 08:05 265762                     /lib/x86_64-linux-gnu/libpthread-2.17.so
7fc382572000-7fc382772000 ---p 00017000 08:05 265762                     /lib/x86_64-linux-gnu/libpthread-2.17.so
7fc382772000-7fc382773000 r--p 00017000 08:05 265762                     /lib/x86_64-linux-gnu/libpthread-2.17.so
7fc382773000-7fc382774000 rw-p 00018000 08:05 265762                     /lib/x86_64-linux-gnu/libpthread-2.17.so
7fc382774000-7fc382778000 rw-p 00000000 00:00 0 
7fc382778000-7fc38277b000 r-xp 00000000 08:05 265662                     /lib/x86_64-linux-gnu/libdl-2.17.so
7fc38277b000-7fc38297a000 ---p 00003000 08:05 265662                     /lib/x86_64-linux-gnu/libdl-2.17.so
7fc38297a000-7fc38297b000 r--p 00002000 08:05 265662                     /lib/x86_64-linux-gnu/libdl-2.17.so
7fc38297b000-7fc38297c000 rw-p 00003000 08:05 265662                     /lib/x86_64-linux-gnu/libdl-2.17.so
7fc38297c000-7fc382b39000 r-xp 00000000 08:05 265647                     /lib/x86_64-linux-gnu/libc-2.17.so
7fc382b39000-7fc382d39000 ---p 001bd000 08:05 265647                     /lib/x86_64-linux-gnu/libc-2.17.so
7fc382d39000-7fc382d3d000 r--p 001bd000 08:05 265647                     /lib/x86_64-linux-gnu/libc-2.17.so
7fc382d3d000-7fc382d3f000 rw-p 001c1000 08:05 265647                     /lib/x86_64-linux-gnu/libc-2.17.so
7fc382d3f000-7fc382d44000 rw-p 00000000 00:00 0 
7fc382d44000-7fc382d51000 r-xp 00000000 08:05 2224064                    /usr/lib/jvm/java-7-openjdk-amd64/jre/lib/amd64/jli/libjli.so
7fc382d51000-7fc382f50000 ---p 0000d000 08:05 2224064                    /usr/lib/jvm/java-7-openjdk-amd64/jre/lib/amd64/jli/libjli.so
7fc382f50000-7fc382f51000 r--p 0000c000 08:05 2224064                    /usr/lib/jvm/java-7-openjdk-amd64/jre/lib/amd64/jli/libjli.so
7fc382f51000-7fc382f52000 rw-p 0000d000 08:05 2224064                    /usr/lib/jvm/java-7-openjdk-amd64/jre/lib/amd64/jli/libjli.so
7fc382f52000-7fc382f75000 r-xp 00000000 08:05 265623                     /lib/x86_64-linux-gnu/ld-2.17.so
7fc382f77000-7fc382f79000 rw-p 00000000 00:00 0 
7fc382f79000-7fc382f7d000 r--s 00085000 08:05 2224075                    /usr/lib/jvm/java-7-openjdk-amd64/jre/lib/ext/localedata.jar
7fc382f7d000-7fc382f7f000 r--s 00012000 08:05 2224078                    /usr/lib/jvm/java-7-openjdk-amd64/jre/lib/ext/zipfs.jar
7fc382f7f000-7fc382f9f000 rw-p 00000000 00:00 0 
7fc382f9f000-7fc383055000 rw-p 00000000 00:00 0 
7fc383055000-7fc383058000 ---p 00000000 00:00 0 
7fc383058000-7fc38315b000 rw-p 00000000 00:00 0                          [stack:3701]
7fc38315b000-7fc38315d000 r--s 00006000 08:05 2494414                    /usr/share/java/java-atk-wrapper.jar
7fc38315d000-7fc383160000 r--s 00032000 08:05 2224079                    /usr/lib/jvm/java-7-openjdk-amd64/jre/lib/ext/sunjce_provider.jar
7fc383160000-7fc383164000 r--s 0003b000 08:05 2224084                    /usr/lib/jvm/java-7-openjdk-amd64/jre/lib/ext/sunpkcs11.jar
7fc383164000-7fc383165000 r--s 00002000 08:05 2224082                    /usr/lib/jvm/java-7-openjdk-amd64/jre/lib/ext/dnsns.jar
7fc383165000-7fc383168000 r--s 0000f000 08:05 2224076                    /usr/lib/jvm/java-7-openjdk-amd64/jre/lib/ext/pulse-java.jar
7fc383168000-7fc383170000 rw-s 00000000 08:05 1962264                    /tmp/hsperfdata_dentei3/3695
7fc383170000-7fc383171000 rw-p 00000000 00:00 0 
7fc383171000-7fc383172000 ---p 00000000 00:00 0 
7fc383172000-7fc383174000 rw-p 00000000 00:00 0 
7fc383174000-7fc383175000 r--p 00022000 08:05 265623                     /lib/x86_64-linux-gnu/ld-2.17.so
7fc383175000-7fc383177000 rw-p 00023000 08:05 265623                     /lib/x86_64-linux-gnu/ld-2.17.so
7fff91c73000-7fff91c94000 rw-p 00000000 00:00 0                          [stack]
7fff91dfe000-7fff91e00000 r-xp 00000000 00:00 0                          [vdso]
ffffffffff600000-ffffffffff601000 r-xp 00000000 00:00 0                  [vsyscall]

VM Arguments:
jvm_args: -agentlib:jdwp=transport=dt_socket,suspend=y,address=localhost:38374 -Dfile.encoding=UTF-8 
java_command: loyal.Battle.Actions.Tester
Launcher Type: SUN_STANDARD

Environment Variables:
PATH=/usr/local/sbin:/usr/local/bin:/usr/sbin:/usr/bin:/sbin:/bin:/usr/games:/usr/local/games
USERNAME=dentei3
SHELL=/bin/bash
DISPLAY=:0

Signal Handlers:
SIGSEGV: [libjvm.so+0x916eb0], sa_mask[0]=0x7ffbfeff, sa_flags=0x10000004
SIGBUS: [libjvm.so+0x916eb0], sa_mask[0]=0x7ffbfeff, sa_flags=0x10000004
SIGFPE: [libjvm.so+0x7947e0], sa_mask[0]=0x7ffbfeff, sa_flags=0x10000004
SIGPIPE: [libjvm.so+0x7947e0], sa_mask[0]=0x7ffbfeff, sa_flags=0x10000004
SIGXFSZ: [libjvm.so+0x7947e0], sa_mask[0]=0x7ffbfeff, sa_flags=0x10000004
SIGILL: [libjvm.so+0x7947e0], sa_mask[0]=0x7ffbfeff, sa_flags=0x10000004
SIGUSR1: SIG_DFL, sa_mask[0]=0x00000000, sa_flags=0x00000000
SIGUSR2: [libjvm.so+0x794680], sa_mask[0]=0x00000004, sa_flags=0x10000004
SIGHUP: [libjvm.so+0x794860], sa_mask[0]=0x7ffbfeff, sa_flags=0x10000004
SIGINT: [libjvm.so+0x794860], sa_mask[0]=0x7ffbfeff, sa_flags=0x10000004
SIGTERM: [libjvm.so+0x794860], sa_mask[0]=0x7ffbfeff, sa_flags=0x10000004
SIGQUIT: [libjvm.so+0x794860], sa_mask[0]=0x7ffbfeff, sa_flags=0x10000004


---------------  S Y S T E M  ---------------

OS:LinuxMint 16 (petra)
uname:Linux 3.11.0-12-generic #19-Ubuntu SMP Wed Oct 9 16:20:46 UTC 2013 x86_64
libc:glibc 2.17 NPTL 2.17 
rlimit: STACK 8192k, CORE 0k, NPROC 29746, NOFILE 4096, AS infinity
load average:2.13 1.41 1.12

/proc/meminfo:
MemTotal:        3836888 kB
MemFree:         1287640 kB
Buffers:           76232 kB
Cached:          1009912 kB
SwapCached:            0 kB
Active:          1675428 kB
Inactive:         711168 kB
Active(anon):    1307276 kB
Inactive(anon):   201908 kB
Active(file):     368152 kB
Inactive(file):   509260 kB
Unevictable:         124 kB
Mlocked:             124 kB
SwapTotal:       3979260 kB
SwapFree:        3979260 kB
Dirty:               268 kB
Writeback:             0 kB
AnonPages:       1300344 kB
Mapped:           195388 kB
Shmem:            208736 kB
Slab:              85104 kB
SReclaimable:      56500 kB
SUnreclaim:        28604 kB
KernelStack:        4352 kB
PageTables:        25820 kB
NFS_Unstable:          0 kB
Bounce:                0 kB
WritebackTmp:          0 kB
CommitLimit:     5897704 kB
Committed_AS:    4103652 kB
VmallocTotal:   34359738367 kB
VmallocUsed:      549244 kB
VmallocChunk:   34359184988 kB
HardwareCorrupted:     0 kB
AnonHugePages:         0 kB
HugePages_Total:       0
HugePages_Free:        0
HugePages_Rsvd:        0
HugePages_Surp:        0
Hugepagesize:       2048 kB
DirectMap4k:       69388 kB
DirectMap2M:     3911680 kB


CPU:total 4 (2 cores per cpu, 2 threads per core) family 6 model 37 stepping 5, cmov, cx8, fxsr, mmx, sse, sse2, sse3, ssse3, sse4.1, sse4.2, popcnt, aes, ht, tsc, tscinvbit

/proc/cpuinfo:
processor	: 0
vendor_id	: GenuineIntel
cpu family	: 6
model		: 37
model name	: Intel(R) Core(TM) i5 CPU       M 520  @ 2.40GHz
stepping	: 5
microcode	: 0x2
cpu MHz		: 2400.000
cache size	: 3072 KB
physical id	: 0
siblings	: 4
core id		: 0
cpu cores	: 2
apicid		: 0
initial apicid	: 0
fpu		: yes
fpu_exception	: yes
cpuid level	: 11
wp		: yes
flags		: fpu vme de pse tsc msr pae mce cx8 apic sep mtrr pge mca cmov pat pse36 clflush dts acpi mmx fxsr sse sse2 ss ht tm pbe syscall nx rdtscp lm constant_tsc arch_perfmon pebs bts rep_good nopl xtopology nonstop_tsc aperfmperf pni pclmulqdq dtes64 monitor ds_cpl vmx smx est tm2 ssse3 cx16 xtpr pdcm pcid sse4_1 sse4_2 popcnt aes lahf_lm ida arat dtherm tpr_shadow vnmi flexpriority ept vpid
bogomips	: 4787.96
clflush size	: 64
cache_alignment	: 64
address sizes	: 36 bits physical, 48 bits virtual
power management:

processor	: 1
vendor_id	: GenuineIntel
cpu family	: 6
model		: 37
model name	: Intel(R) Core(TM) i5 CPU       M 520  @ 2.40GHz
stepping	: 5
microcode	: 0x2
cpu MHz		: 2400.000
cache size	: 3072 KB
physical id	: 0
siblings	: 4
core id		: 0
cpu cores	: 2
apicid		: 1
initial apicid	: 1
fpu		: yes
fpu_exception	: yes
cpuid level	: 11
wp		: yes
flags		: fpu vme de pse tsc msr pae mce cx8 apic sep mtrr pge mca cmov pat pse36 clflush dts acpi mmx fxsr sse sse2 ss ht tm pbe syscall nx rdtscp lm constant_tsc arch_perfmon pebs bts rep_good nopl xtopology nonstop_tsc aperfmperf pni pclmulqdq dtes64 monitor ds_cpl vmx smx est tm2 ssse3 cx16 xtpr pdcm pcid sse4_1 sse4_2 popcnt aes lahf_lm ida arat dtherm tpr_shadow vnmi flexpriority ept vpid
bogomips	: 4787.96
clflush size	: 64
cache_alignment	: 64
address sizes	: 36 bits physical, 48 bits virtual
power management:

processor	: 2
vendor_id	: GenuineIntel
cpu family	: 6
model		: 37
model name	: Intel(R) Core(TM) i5 CPU       M 520  @ 2.40GHz
stepping	: 5
microcode	: 0x2
cpu MHz		: 2400.000
cache size	: 3072 KB
physical id	: 0
siblings	: 4
core id		: 2
cpu cores	: 2
apicid		: 4
initial apicid	: 4
fpu		: yes
fpu_exception	: yes
cpuid level	: 11
wp		: yes
flags		: fpu vme de pse tsc msr pae mce cx8 apic sep mtrr pge mca cmov pat pse36 clflush dts acpi mmx fxsr sse sse2 ss ht tm pbe syscall nx rdtscp lm constant_tsc arch_perfmon pebs bts rep_good nopl xtopology nonstop_tsc aperfmperf pni pclmulqdq dtes64 monitor ds_cpl vmx smx est tm2 ssse3 cx16 xtpr pdcm pcid sse4_1 sse4_2 popcnt aes lahf_lm ida arat dtherm tpr_shadow vnmi flexpriority ept vpid
bogomips	: 4787.96
clflush size	: 64
cache_alignment	: 64
address sizes	: 36 bits physical, 48 bits virtual
power management:

processor	: 3
vendor_id	: GenuineIntel
cpu family	: 6
model		: 37
model name	: Intel(R) Core(TM) i5 CPU       M 520  @ 2.40GHz
stepping	: 5
microcode	: 0x2
cpu MHz		: 2400.000
cache size	: 3072 KB
physical id	: 0
siblings	: 4
core id		: 2
cpu cores	: 2
apicid		: 5
initial apicid	: 5
fpu		: yes
fpu_exception	: yes
cpuid level	: 11
wp		: yes
flags		: fpu vme de pse tsc msr pae mce cx8 apic sep mtrr pge mca cmov pat pse36 clflush dts acpi mmx fxsr sse sse2 ss ht tm pbe syscall nx rdtscp lm constant_tsc arch_perfmon pebs bts rep_good nopl xtopology nonstop_tsc aperfmperf pni pclmulqdq dtes64 monitor ds_cpl vmx smx est tm2 ssse3 cx16 xtpr pdcm pcid sse4_1 sse4_2 popcnt aes lahf_lm ida arat dtherm tpr_shadow vnmi flexpriority ept vpid
bogomips	: 4787.96
clflush size	: 64
cache_alignment	: 64
address sizes	: 36 bits physical, 48 bits virtual
power management:



Memory: 4k page, physical 3836888k(1287640k free), swap 3979260k(3979260k free)

vm_info: OpenJDK 64-Bit Server VM (24.51-b03) for linux-amd64 JRE (1.7.0_55-b14), built on Apr 17 2014 21:13:26 by "buildd" with gcc 4.8.1

time: Thu Mar 12 14:45:41 2015
elapsed time: 25 seconds

