#
# A fatal error has been detected by the Java Runtime Environment:
#
#  SIGSEGV (0xb) at pc=0x00007f7500bb2d19, pid=4100, tid=140140424664832
#
# JRE version: OpenJDK Runtime Environment (7.0_55-b14) (build 1.7.0_55-b14)
# Java VM: OpenJDK 64-Bit Server VM (24.51-b03 mixed mode linux-amd64 compressed oops)
# Problematic frame:
# V  [libjvm.so+0x5c0d19]  java_lang_String::utf8_length(oopDesc*)+0xb9
#
# Failed to write core dump. Core dumps have been disabled. To enable core dumping, try "ulimit -c unlimited" before starting Java again
#
# If you would like to submit a bug report, please include
# instructions on how to reproduce the bug and visit:
#   http://icedtea.classpath.org/bugzilla
#

---------------  T H R E A D  ---------------

Current thread (0x00007f74f80ad000):  JavaThread "JDWP Transport Listener: dt_socket" daemon [_thread_in_vm, id=4116, stack(0x00007f74fc2b1000,0x00007f74fc3b2000)]

siginfo:si_signo=SIGSEGV: si_errno=0, si_code=1 (SEGV_MAPERR), si_addr=0x000000000000000c

Registers:
RAX=0x0000000000000001, RBX=0x00007f74f80ad000, RCX=0x000000000000000c, RDX=0x0000000000000000
RSP=0x00007f74fc3b09d0, RBP=0x00007f74fc3b09d0, RSI=0x000000000000000c, RDI=0x00000000ec804400
R8 =0x0000000000000000, R9 =0x0000000000000000, R10=0x000000000000001a, R11=0x00007f7501a798ba
R12=0x00007f74c8005008, R13=0x00000000ec804400, R14=0x00007f74fc3b0b10, R15=0x0000000000000000
RIP=0x00007f7500bb2d19, EFLAGS=0x0000000000010246, CSGSFS=0x6e61000000000033, ERR=0x0000000000000004
  TRAPNO=0x000000000000000e

Top of Stack: (sp=0x00007f74fc3b09d0)
0x00007f74fc3b09d0:   00007f74fc3b0a40 00007f7500bc1502
0x00007f74fc3b09e0:   00007f74f80ad1d8 00007f74ff78cee0
0x00007f74fc3b09f0:   00007f74f80ad000 0000000000000000
0x00007f74fc3b0a00:   00007f74f80ad1d8 00007f74c8005008
0x00007f74fc3b0a10:   00007f74fc3b0ae0 00007f74f80ad1d8
0x00007f74fc3b0a20:   00007f74ff78cee0 00007f74c8005008
0x00007f74fc3b0a30:   00007f74fc3b0b10 00007f74ff78cee0
0x00007f74fc3b0a40:   00007f74fc3b0a80 00007f74ff55af72
0x00007f74fc3b0a50:   00007f74fc3b0ae0 0000000000010a00
0x00007f74fc3b0a60:   00007f74fc3b0ae0 000000000000000a
0x00007f74fc3b0a70:   00007f74fc3b0b10 00007f74ff78cee0
0x00007f74fc3b0a80:   00007f74fc3b0cd0 00007f74ff5635d8
0x00007f74fc3b0a90:   00000ef100000013 00007f7500010a00
0x00007f74fc3b0aa0:   00007f74c0000b70 00007f74ff78cee0
0x00007f74fc3b0ab0:   00007f74fc3b0ae0 00007f74c0000801
0x00007f74fc3b0ac0:   00000ef100000013 00007f7500010a00
0x00007f74fc3b0ad0:   00007f74c0000b70 00007f74f80a4558
0x00007f74fc3b0ae0:   00007f74c0000b78 000000000000000b
0x00007f74fc3b0af0:   00000ef100000013 00007f7500010a00
0x00007f74fc3b0b00:   00007f74c0000b70 00007f74c8004560
0x00007f74fc3b0b10:   00007f74fc3b0b60 000000000000012c
0x00007f74fc3b0b20:   00007f74fc3b0b28 00007f7400000000
0x00007f74fc3b0b30:   00007f74fc3b0b60 0000000000000000
0x00007f74fc3b0b40:   00007f0000000000 00000ef100000013
0x00007f74fc3b0b50:   00007f7400000b80 00007f74fc3b0b60
0x00007f74fc3b0b60:   6e69616d04000000 0000000000000000
0x00007f74fc3b0b70:   7369687404000000 76616a4c12000000
0x00007f74fc3b0b80:   532f676e616c2f61 00003b676e697274
0x00007f74fc3b0b90:   0000140000000000 0000000000000000
0x00007f74fc3b0ba0:   6176050000000000 5b0200000065756c
0x00007f74fc3b0bb0:   0000000000000043 00b8540100000014
0x00007f74fc3b0bc0:   0004000000000000 0103004a00000000 

Instructions: (pc=0x00007f7500bb2d19)
0x00007f7500bb2cf9:   01 7c 00 89 ca 8b 4e 08 48 d3 e2 48 03 16 b9 0c
0x00007f7500bb2d09:   00 00 00 eb 0b 66 90 48 8b 14 37 b9 10 00 00 00
0x00007f7500bb2d19:   8b 34 0a e9 7c ff ff ff 90 66 66 66 66 66 2e 0f
0x00007f7500bb2d29:   1f 84 00 00 00 00 00 48 8d 05 0c c2 7d 00 55 48 

Register to memory mapping:

RAX=0x0000000000000001 is an unknown value
RBX=0x00007f74f80ad000 is a thread
RCX=0x000000000000000c is an unknown value
RDX=0x0000000000000000 is an unknown value
RSP=0x00007f74fc3b09d0 is pointing into the stack for thread: 0x00007f74f80ad000
RBP=0x00007f74fc3b09d0 is pointing into the stack for thread: 0x00007f74f80ad000
RSI=0x000000000000000c is an unknown value
RDI=0x00000000ec804400 is an oop
java.lang.String 
 - klass: 'java/lang/String'
R8 =0x0000000000000000 is an unknown value
R9 =0x0000000000000000 is an unknown value
R10=0x000000000000001a is an unknown value
R11=0x00007f7501a798ba: <offset 0x8c8ba> in /lib/x86_64-linux-gnu/libc.so.6 at 0x00007f75019ed000
R12=0x00007f74c8005008 is a global jni handle
R13=0x00000000ec804400 is an oop
java.lang.String 
 - klass: 'java/lang/String'
R14=0x00007f74fc3b0b10 is pointing into the stack for thread: 0x00007f74f80ad000
R15=0x0000000000000000 is an unknown value


Stack: [0x00007f74fc2b1000,0x00007f74fc3b2000],  sp=0x00007f74fc3b09d0,  free space=1022k
Native frames: (J=compiled Java code, j=interpreted, Vv=VM code, C=native code)
V  [libjvm.so+0x5c0d19]  java_lang_String::utf8_length(oopDesc*)+0xb9
V  [libjvm.so+0x5cf502]  jni_GetStringUTFChars+0x72
C  [libjdwp.so+0x8f72]  getenv+0x8f72
C  [libjdwp.so+0x115d8]  Agent_OnLoad+0x1b18
C  [libjdwp.so+0x236f5]  Agent_OnLoad+0x13c35
V  [libjvm.so+0x67f79b]  JvmtiAgentThread::start_function_wrapper(JavaThread*, Thread*)+0x9b
V  [libjvm.so+0x8cdfb0]  JavaThread::thread_main_inner()+0xf0
V  [libjvm.so+0x8ce221]  JavaThread::run()+0x221
V  [libjvm.so+0x795e92]  java_start(Thread*)+0xf2


---------------  P R O C E S S  ---------------

Java Threads: ( => current thread )
  0x00007f74f80b8000 JavaThread "Service Thread" daemon [_thread_blocked, id=4126, stack(0x00007f74f4cfd000,0x00007f74f4dfe000)]
  0x00007f74f80b5800 JavaThread "C2 CompilerThread1" daemon [_thread_blocked, id=4125, stack(0x00007f74f4dfe000,0x00007f74f4eff000)]
  0x00007f74f80b3000 JavaThread "C2 CompilerThread0" daemon [_thread_blocked, id=4124, stack(0x00007f74f4eff000,0x00007f74f5000000)]
  0x00007f74c8001000 JavaThread "JDWP Command Reader" daemon [_thread_in_native, id=4120, stack(0x00007f74fc0af000,0x00007f74fc1b0000)]
  0x00007f74f80b0800 JavaThread "JDWP Event Helper Thread" daemon [_thread_blocked, id=4118, stack(0x00007f74fc1b0000,0x00007f74fc2b1000)]
=>0x00007f74f80ad000 JavaThread "JDWP Transport Listener: dt_socket" daemon [_thread_in_vm, id=4116, stack(0x00007f74fc2b1000,0x00007f74fc3b2000)]
  0x00007f74f80a0000 JavaThread "Signal Dispatcher" daemon [_thread_blocked, id=4114, stack(0x00007f74fc5b7000,0x00007f74fc6b8000)]
  0x00007f74f807e000 JavaThread "Finalizer" daemon [_thread_blocked, id=4113, stack(0x00007f74fc6b8000,0x00007f74fc7b9000)]
  0x00007f74f807c000 JavaThread "Reference Handler" daemon [_thread_blocked, id=4112, stack(0x00007f74fc7b9000,0x00007f74fc8ba000)]
  0x00007f74f800c800 JavaThread "main" [_thread_blocked, id=4106, stack(0x00007f75020c6000,0x00007f75021c7000)]

Other Threads:
  0x00007f74f8077800 VMThread [stack: 0x00007f74fc8ba000,0x00007f74fc9bb000] [id=4111]
  0x00007f74f80c2800 WatcherThread [stack: 0x00007f74f4bfc000,0x00007f74f4cfd000] [id=4127]

VM state:not at safepoint (normal execution)

VM Mutex/Monitor currently owned by a thread: None

Heap
 PSYoungGen      total 17920K, used 1274K [0x00000000ec700000, 0x00000000eda80000, 0x0000000100000000)
  eden space 15872K, 8% used [0x00000000ec700000,0x00000000ec83e900,0x00000000ed680000)
  from space 2048K, 0% used [0x00000000ed880000,0x00000000ed880000,0x00000000eda80000)
  to   space 2048K, 0% used [0x00000000ed680000,0x00000000ed680000,0x00000000ed880000)
 ParOldGen       total 39936K, used 0K [0x00000000c5600000, 0x00000000c7d00000, 0x00000000ec700000)
  object space 39936K, 0% used [0x00000000c5600000,0x00000000c5600000,0x00000000c7d00000)
 PSPermGen       total 21504K, used 2886K [0x00000000bb000000, 0x00000000bc500000, 0x00000000c5600000)
  object space 21504K, 13% used [0x00000000bb000000,0x00000000bb2d1ae0,0x00000000bc500000)

Card table byte_map: [0x00007f74fe417000,0x00007f74fe640000] byte_map_base: 0x00007f74fde3f000

Polling page: 0x00007f75021e2000

Code Cache  [0x00007f74f5000000, 0x00007f74f5270000, 0x00007f74f8000000)
 total_blobs=177 nmethods=3 adapters=137 free_code_cache=48766Kb largest_free_block=49918912

Compilation events (6 events):
Event: 0.154 Thread 0x00007f74f80b3000    1             sun.nio.cs.UTF_8$Encoder::encode (361 bytes)
Event: 0.155 Thread 0x00007f74f80b5800    2             java.lang.String::indexOf (70 bytes)
Event: 0.166 Thread 0x00007f74f80b5800 nmethod 2 0x00007f74f505f910 code [0x00007f74f505fa60, 0x00007f74f505fc28]
Event: 0.169 Thread 0x00007f74f80b5800    3             java.lang.String::indexOf (166 bytes)
Event: 0.175 Thread 0x00007f74f80b3000 nmethod 1 0x00007f74f505ea90 code [0x00007f74f505ec20, 0x00007f74f505f2e8]
Event: 0.179 Thread 0x00007f74f80b5800 nmethod 3 0x00007f74f50626d0 code [0x00007f74f5062820, 0x00007f74f5062d58]

GC Heap History (0 events):
No events

Deoptimization events (0 events):
No events

Internal exceptions (10 events):
Event: 0.160 Thread 0x00007f74f800c800 Threw 0x00000000ec7e0bf8 at /build/buildd/openjdk-7-7u55-2.4.7/build/openjdk/hotspot/src/share/vm/prims/jvm.cpp:1244
Event: 0.161 Thread 0x00007f74f800c800 Threw 0x00000000ec7e4000 at /build/buildd/openjdk-7-7u55-2.4.7/build/openjdk/hotspot/src/share/vm/prims/jvm.cpp:1244
Event: 0.162 Thread 0x00007f74f800c800 Threw 0x00000000ec7e78b0 at /build/buildd/openjdk-7-7u55-2.4.7/build/openjdk/hotspot/src/share/vm/prims/jvm.cpp:1244
Event: 0.163 Thread 0x00007f74f800c800 Threw 0x00000000ec7ea698 at /build/buildd/openjdk-7-7u55-2.4.7/build/openjdk/hotspot/src/share/vm/prims/jvm.cpp:1244
Event: 0.165 Thread 0x00007f74f800c800 Threw 0x00000000ec7eda78 at /build/buildd/openjdk-7-7u55-2.4.7/build/openjdk/hotspot/src/share/vm/prims/jvm.cpp:1244
Event: 0.169 Thread 0x00007f74f800c800 Threw 0x00000000ec7f1f90 at /build/buildd/openjdk-7-7u55-2.4.7/build/openjdk/hotspot/src/share/vm/prims/jvm.cpp:1244
Event: 0.170 Thread 0x00007f74f800c800 Threw 0x00000000ec7f6508 at /build/buildd/openjdk-7-7u55-2.4.7/build/openjdk/hotspot/src/share/vm/prims/jvm.cpp:1244
Event: 0.170 Thread 0x00007f74f800c800 Threw 0x00000000ec7f9f10 at /build/buildd/openjdk-7-7u55-2.4.7/build/openjdk/hotspot/src/share/vm/prims/jvm.cpp:1244
Event: 0.171 Thread 0x00007f74f800c800 Threw 0x00000000ec7fd8f8 at /build/buildd/openjdk-7-7u55-2.4.7/build/openjdk/hotspot/src/share/vm/prims/jvm.cpp:1244
Event: 0.172 Thread 0x00007f74f800c800 Threw 0x00000000ec8012b0 at /build/buildd/openjdk-7-7u55-2.4.7/build/openjdk/hotspot/src/share/vm/prims/jvm.cpp:1244

Events (10 events):
Event: 27.706 Executing VM operation: EnterInterpOnlyMode
Event: 27.706 Executing VM operation: EnterInterpOnlyMode done
Event: 27.706 Executing VM operation: GetCurrentLocation
Event: 27.707 Executing VM operation: GetCurrentLocation done
Event: 27.707 Executing VM operation: ChangeSingleStep
Event: 27.707 Executing VM operation: ChangeSingleStep done
Event: 27.707 Executing VM operation: ChangeSingleStep
Event: 27.707 Executing VM operation: ChangeSingleStep done
Event: 27.721 Executing VM operation: GetOrSetLocal
Event: 27.721 Executing VM operation: GetOrSetLocal done


Dynamic libraries:
00400000-00401000 r-xp 00000000 08:05 2224130                            /usr/lib/jvm/java-7-openjdk-amd64/jre/bin/java
00600000-00601000 r--p 00000000 08:05 2224130                            /usr/lib/jvm/java-7-openjdk-amd64/jre/bin/java
00601000-00602000 rw-p 00001000 08:05 2224130                            /usr/lib/jvm/java-7-openjdk-amd64/jre/bin/java
01a0a000-01a2b000 rw-p 00000000 00:00 0                                  [heap]
bb000000-bc500000 rw-p 00000000 00:00 0 
bc500000-c5600000 rw-p 00000000 00:00 0 
c5600000-c7d00000 rw-p 00000000 00:00 0 
c7d00000-ec700000 rw-p 00000000 00:00 0 
ec700000-eda80000 rw-p 00000000 00:00 0 
eda80000-100000000 rw-p 00000000 00:00 0 
7f74b0000000-7f74b0021000 rw-p 00000000 00:00 0 
7f74b0021000-7f74b4000000 ---p 00000000 00:00 0 
7f74b8000000-7f74b80a7000 rw-p 00000000 00:00 0 
7f74b80a7000-7f74bc000000 ---p 00000000 00:00 0 
7f74bc000000-7f74bc021000 rw-p 00000000 00:00 0 
7f74bc021000-7f74c0000000 ---p 00000000 00:00 0 
7f74c0000000-7f74c0021000 rw-p 00000000 00:00 0 
7f74c0021000-7f74c4000000 ---p 00000000 00:00 0 
7f74c4000000-7f74c4102000 rw-p 00000000 00:00 0 
7f74c4102000-7f74c8000000 ---p 00000000 00:00 0 
7f74c8000000-7f74c8021000 rw-p 00000000 00:00 0 
7f74c8021000-7f74cc000000 ---p 00000000 00:00 0 
7f74cc000000-7f74cc021000 rw-p 00000000 00:00 0 
7f74cc021000-7f74d0000000 ---p 00000000 00:00 0 
7f74d0000000-7f74d0021000 rw-p 00000000 00:00 0 
7f74d0021000-7f74d4000000 ---p 00000000 00:00 0 
7f74d4000000-7f74d4021000 rw-p 00000000 00:00 0 
7f74d4021000-7f74d8000000 ---p 00000000 00:00 0 
7f74d8000000-7f74d8021000 rw-p 00000000 00:00 0 
7f74d8021000-7f74dc000000 ---p 00000000 00:00 0 
7f74dc000000-7f74dc021000 rw-p 00000000 00:00 0 
7f74dc021000-7f74e0000000 ---p 00000000 00:00 0 
7f74e0000000-7f74e0021000 rw-p 00000000 00:00 0 
7f74e0021000-7f74e4000000 ---p 00000000 00:00 0 
7f74e4000000-7f74e4021000 rw-p 00000000 00:00 0 
7f74e4021000-7f74e8000000 ---p 00000000 00:00 0 
7f74e8000000-7f74e8021000 rw-p 00000000 00:00 0 
7f74e8021000-7f74ec000000 ---p 00000000 00:00 0 
7f74edd80000-7f74f0000000 rw-p 00000000 00:00 0 
7f74f0000000-7f74f0021000 rw-p 00000000 00:00 0 
7f74f0021000-7f74f4000000 ---p 00000000 00:00 0 
7f74f49c6000-7f74f4bfc000 rw-p 00000000 00:00 0 
7f74f4bfc000-7f74f4bfd000 ---p 00000000 00:00 0 
7f74f4bfd000-7f74f4cfd000 rw-p 00000000 00:00 0                          [stack:4127]
7f74f4cfd000-7f74f4d00000 ---p 00000000 00:00 0 
7f74f4d00000-7f74f4dfe000 rw-p 00000000 00:00 0                          [stack:4126]
7f74f4dfe000-7f74f4e01000 ---p 00000000 00:00 0 
7f74f4e01000-7f74f4eff000 rw-p 00000000 00:00 0                          [stack:4125]
7f74f4eff000-7f74f4f02000 ---p 00000000 00:00 0 
7f74f4f02000-7f74f5000000 rw-p 00000000 00:00 0                          [stack:4124]
7f74f5000000-7f74f5270000 rwxp 00000000 00:00 0 
7f74f5270000-7f74f812c000 rw-p 00000000 00:00 0 
7f74f812c000-7f74fc000000 ---p 00000000 00:00 0 
7f74fc0af000-7f74fc0b2000 ---p 00000000 00:00 0 
7f74fc0b2000-7f74fc1b0000 rw-p 00000000 00:00 0                          [stack:4120]
7f74fc1b0000-7f74fc1b3000 ---p 00000000 00:00 0 
7f74fc1b3000-7f74fc2b1000 rw-p 00000000 00:00 0                          [stack:4118]
7f74fc2b1000-7f74fc2b4000 ---p 00000000 00:00 0 
7f74fc2b4000-7f74fc3b2000 rw-p 00000000 00:00 0                          [stack:4116]
7f74fc3b2000-7f74fc3b6000 r-xp 00000000 08:05 2224065                    /usr/lib/jvm/java-7-openjdk-amd64/jre/lib/amd64/libdt_socket.so
7f74fc3b6000-7f74fc5b5000 ---p 00004000 08:05 2224065                    /usr/lib/jvm/java-7-openjdk-amd64/jre/lib/amd64/libdt_socket.so
7f74fc5b5000-7f74fc5b6000 r--p 00003000 08:05 2224065                    /usr/lib/jvm/java-7-openjdk-amd64/jre/lib/amd64/libdt_socket.so
7f74fc5b6000-7f74fc5b7000 rw-p 00004000 08:05 2224065                    /usr/lib/jvm/java-7-openjdk-amd64/jre/lib/amd64/libdt_socket.so
7f74fc5b7000-7f74fc5ba000 ---p 00000000 00:00 0 
7f74fc5ba000-7f74fc6b8000 rw-p 00000000 00:00 0                          [stack:4114]
7f74fc6b8000-7f74fc6bb000 ---p 00000000 00:00 0 
7f74fc6bb000-7f74fc7b9000 rw-p 00000000 00:00 0                          [stack:4113]
7f74fc7b9000-7f74fc7bc000 ---p 00000000 00:00 0 
7f74fc7bc000-7f74fc8ba000 rw-p 00000000 00:00 0                          [stack:4112]
7f74fc8ba000-7f74fc8bb000 ---p 00000000 00:00 0 
7f74fc8bb000-7f74fd9b8000 rw-p 00000000 00:00 0                          [stack:4111]
7f74fd9b8000-7f74fdb66000 r--s 01cfc000 08:05 2224111                    /usr/lib/jvm/java-7-openjdk-amd64/jre/lib/rt.jar
7f74fdb66000-7f74fde87000 rw-p 00000000 00:00 0 
7f74fde87000-7f74fde88000 ---p 00000000 00:00 0 
7f74fde88000-7f74fdf88000 rw-p 00000000 00:00 0                          [stack:4110]
7f74fdf88000-7f74fdf89000 ---p 00000000 00:00 0 
7f74fdf89000-7f74fe089000 rw-p 00000000 00:00 0                          [stack:4109]
7f74fe089000-7f74fe08a000 ---p 00000000 00:00 0 
7f74fe08a000-7f74fe18a000 rw-p 00000000 00:00 0                          [stack:4108]
7f74fe18a000-7f74fe18b000 ---p 00000000 00:00 0 
7f74fe18b000-7f74fe296000 rw-p 00000000 00:00 0                          [stack:4107]
7f74fe296000-7f74fe2de000 rw-p 00000000 00:00 0 
7f74fe2de000-7f74fe2f2000 rw-p 00000000 00:00 0 
7f74fe2f2000-7f74fe417000 rw-p 00000000 00:00 0 
7f74fe417000-7f74fe422000 rw-p 00000000 00:00 0 
7f74fe422000-7f74fe46a000 rw-p 00000000 00:00 0 
7f74fe46a000-7f74fe47e000 rw-p 00000000 00:00 0 
7f74fe47e000-7f74fe5a2000 rw-p 00000000 00:00 0 
7f74fe5a2000-7f74fe5ad000 rw-p 00000000 00:00 0 
7f74fe5ad000-7f74fe63f000 rw-p 00000000 00:00 0 
7f74fe63f000-7f74fe640000 rw-p 00000000 00:00 0 
7f74fe640000-7f74fe648000 r-xp 00000000 08:05 2224027                    /usr/lib/jvm/java-7-openjdk-amd64/jre/lib/amd64/libzip.so
7f74fe648000-7f74fe847000 ---p 00008000 08:05 2224027                    /usr/lib/jvm/java-7-openjdk-amd64/jre/lib/amd64/libzip.so
7f74fe847000-7f74fe848000 r--p 00007000 08:05 2224027                    /usr/lib/jvm/java-7-openjdk-amd64/jre/lib/amd64/libzip.so
7f74fe848000-7f74fe849000 rw-p 00008000 08:05 2224027                    /usr/lib/jvm/java-7-openjdk-amd64/jre/lib/amd64/libzip.so
7f74fe849000-7f74fe855000 r-xp 00000000 08:05 265723                     /lib/x86_64-linux-gnu/libnss_files-2.17.so
7f74fe855000-7f74fea54000 ---p 0000c000 08:05 265723                     /lib/x86_64-linux-gnu/libnss_files-2.17.so
7f74fea54000-7f74fea55000 r--p 0000b000 08:05 265723                     /lib/x86_64-linux-gnu/libnss_files-2.17.so
7f74fea55000-7f74fea56000 rw-p 0000c000 08:05 265723                     /lib/x86_64-linux-gnu/libnss_files-2.17.so
7f74fea56000-7f74fea61000 r-xp 00000000 08:05 265727                     /lib/x86_64-linux-gnu/libnss_nis-2.17.so
7f74fea61000-7f74fec60000 ---p 0000b000 08:05 265727                     /lib/x86_64-linux-gnu/libnss_nis-2.17.so
7f74fec60000-7f74fec61000 r--p 0000a000 08:05 265727                     /lib/x86_64-linux-gnu/libnss_nis-2.17.so
7f74fec61000-7f74fec62000 rw-p 0000b000 08:05 265727                     /lib/x86_64-linux-gnu/libnss_nis-2.17.so
7f74fec62000-7f74fec79000 r-xp 00000000 08:05 265717                     /lib/x86_64-linux-gnu/libnsl-2.17.so
7f74fec79000-7f74fee78000 ---p 00017000 08:05 265717                     /lib/x86_64-linux-gnu/libnsl-2.17.so
7f74fee78000-7f74fee79000 r--p 00016000 08:05 265717                     /lib/x86_64-linux-gnu/libnsl-2.17.so
7f74fee79000-7f74fee7a000 rw-p 00017000 08:05 265717                     /lib/x86_64-linux-gnu/libnsl-2.17.so
7f74fee7a000-7f74fee7c000 rw-p 00000000 00:00 0 
7f74fee7c000-7f74fee84000 r-xp 00000000 08:05 265719                     /lib/x86_64-linux-gnu/libnss_compat-2.17.so
7f74fee84000-7f74ff083000 ---p 00008000 08:05 265719                     /lib/x86_64-linux-gnu/libnss_compat-2.17.so
7f74ff083000-7f74ff084000 r--p 00007000 08:05 265719                     /lib/x86_64-linux-gnu/libnss_compat-2.17.so
7f74ff084000-7f74ff085000 rw-p 00008000 08:05 265719                     /lib/x86_64-linux-gnu/libnss_compat-2.17.so
7f74ff085000-7f74ff34e000 r--p 00000000 08:05 2099913                    /usr/lib/locale/locale-archive
7f74ff34e000-7f74ff351000 r-xp 00000000 08:05 2224036                    /usr/lib/jvm/java-7-openjdk-amd64/jre/lib/amd64/libnpt.so
7f74ff351000-7f74ff550000 ---p 00003000 08:05 2224036                    /usr/lib/jvm/java-7-openjdk-amd64/jre/lib/amd64/libnpt.so
7f74ff550000-7f74ff551000 r--p 00002000 08:05 2224036                    /usr/lib/jvm/java-7-openjdk-amd64/jre/lib/amd64/libnpt.so
7f74ff551000-7f74ff552000 rw-p 00003000 08:05 2224036                    /usr/lib/jvm/java-7-openjdk-amd64/jre/lib/amd64/libnpt.so
7f74ff552000-7f74ff58c000 r-xp 00000000 08:05 2224037                    /usr/lib/jvm/java-7-openjdk-amd64/jre/lib/amd64/libjdwp.so
7f74ff58c000-7f74ff78b000 ---p 0003a000 08:05 2224037                    /usr/lib/jvm/java-7-openjdk-amd64/jre/lib/amd64/libjdwp.so
7f74ff78b000-7f74ff78c000 r--p 00039000 08:05 2224037                    /usr/lib/jvm/java-7-openjdk-amd64/jre/lib/amd64/libjdwp.so
7f74ff78c000-7f74ff78d000 rw-p 0003a000 08:05 2224037                    /usr/lib/jvm/java-7-openjdk-amd64/jre/lib/amd64/libjdwp.so
7f74ff78d000-7f74ff7b8000 r-xp 00000000 08:05 2224014                    /usr/lib/jvm/java-7-openjdk-amd64/jre/lib/amd64/libjava.so
7f74ff7b8000-7f74ff9b7000 ---p 0002b000 08:05 2224014                    /usr/lib/jvm/java-7-openjdk-amd64/jre/lib/amd64/libjava.so
7f74ff9b7000-7f74ff9b8000 r--p 0002a000 08:05 2224014                    /usr/lib/jvm/java-7-openjdk-amd64/jre/lib/amd64/libjava.so
7f74ff9b8000-7f74ff9ba000 rw-p 0002b000 08:05 2224014                    /usr/lib/jvm/java-7-openjdk-amd64/jre/lib/amd64/libjava.so
7f74ff9ba000-7f74ff9ca000 r-xp 00000000 08:05 2224038                    /usr/lib/jvm/java-7-openjdk-amd64/jre/lib/amd64/libverify.so
7f74ff9ca000-7f74ffbc9000 ---p 00010000 08:05 2224038                    /usr/lib/jvm/java-7-openjdk-amd64/jre/lib/amd64/libverify.so
7f74ffbc9000-7f74ffbcb000 r--p 0000f000 08:05 2224038                    /usr/lib/jvm/java-7-openjdk-amd64/jre/lib/amd64/libverify.so
7f74ffbcb000-7f74ffbcc000 rw-p 00011000 08:05 2224038                    /usr/lib/jvm/java-7-openjdk-amd64/jre/lib/amd64/libverify.so
7f74ffbcc000-7f74ffbd3000 r-xp 00000000 08:05 265770                     /lib/x86_64-linux-gnu/librt-2.17.so
7f74ffbd3000-7f74ffdd2000 ---p 00007000 08:05 265770                     /lib/x86_64-linux-gnu/librt-2.17.so
7f74ffdd2000-7f74ffdd3000 r--p 00006000 08:05 265770                     /lib/x86_64-linux-gnu/librt-2.17.so
7f74ffdd3000-7f74ffdd4000 rw-p 00007000 08:05 265770                     /lib/x86_64-linux-gnu/librt-2.17.so
7f74ffdd4000-7f74ffde9000 r-xp 00000000 08:05 269183                     /lib/x86_64-linux-gnu/libgcc_s.so.1
7f74ffde9000-7f74fffe8000 ---p 00015000 08:05 269183                     /lib/x86_64-linux-gnu/libgcc_s.so.1
7f74fffe8000-7f74fffe9000 r--p 00014000 08:05 269183                     /lib/x86_64-linux-gnu/libgcc_s.so.1
7f74fffe9000-7f74fffea000 rw-p 00015000 08:05 269183                     /lib/x86_64-linux-gnu/libgcc_s.so.1
7f74fffea000-7f75000ed000 r-xp 00000000 08:05 265698                     /lib/x86_64-linux-gnu/libm-2.17.so
7f75000ed000-7f75002ec000 ---p 00103000 08:05 265698                     /lib/x86_64-linux-gnu/libm-2.17.so
7f75002ec000-7f75002ed000 r--p 00102000 08:05 265698                     /lib/x86_64-linux-gnu/libm-2.17.so
7f75002ed000-7f75002ee000 rw-p 00103000 08:05 265698                     /lib/x86_64-linux-gnu/libm-2.17.so
7f75002ee000-7f75003d4000 r-xp 00000000 08:05 2098497                    /usr/lib/x86_64-linux-gnu/libstdc++.so.6.0.18
7f75003d4000-7f75005d3000 ---p 000e6000 08:05 2098497                    /usr/lib/x86_64-linux-gnu/libstdc++.so.6.0.18
7f75005d3000-7f75005db000 r--p 000e5000 08:05 2098497                    /usr/lib/x86_64-linux-gnu/libstdc++.so.6.0.18
7f75005db000-7f75005dd000 rw-p 000ed000 08:05 2098497                    /usr/lib/x86_64-linux-gnu/libstdc++.so.6.0.18
7f75005dd000-7f75005f2000 rw-p 00000000 00:00 0 
7f75005f2000-7f75010d1000 r-xp 00000000 08:05 2224057                    /usr/lib/jvm/java-7-openjdk-amd64/jre/lib/amd64/server/libjvm.so
7f75010d1000-7f75012d1000 ---p 00adf000 08:05 2224057                    /usr/lib/jvm/java-7-openjdk-amd64/jre/lib/amd64/server/libjvm.so
7f75012d1000-7f7501363000 r--p 00adf000 08:05 2224057                    /usr/lib/jvm/java-7-openjdk-amd64/jre/lib/amd64/server/libjvm.so
7f7501363000-7f7501386000 rw-p 00b71000 08:05 2224057                    /usr/lib/jvm/java-7-openjdk-amd64/jre/lib/amd64/server/libjvm.so
7f7501386000-7f75013b3000 rw-p 00000000 00:00 0 
7f75013b3000-7f75013cb000 r-xp 00000000 08:05 265805                     /lib/x86_64-linux-gnu/libz.so.1.2.8
7f75013cb000-7f75015ca000 ---p 00018000 08:05 265805                     /lib/x86_64-linux-gnu/libz.so.1.2.8
7f75015ca000-7f75015cb000 r--p 00017000 08:05 265805                     /lib/x86_64-linux-gnu/libz.so.1.2.8
7f75015cb000-7f75015cc000 rw-p 00018000 08:05 265805                     /lib/x86_64-linux-gnu/libz.so.1.2.8
7f75015cc000-7f75015e3000 r-xp 00000000 08:05 265762                     /lib/x86_64-linux-gnu/libpthread-2.17.so
7f75015e3000-7f75017e3000 ---p 00017000 08:05 265762                     /lib/x86_64-linux-gnu/libpthread-2.17.so
7f75017e3000-7f75017e4000 r--p 00017000 08:05 265762                     /lib/x86_64-linux-gnu/libpthread-2.17.so
7f75017e4000-7f75017e5000 rw-p 00018000 08:05 265762                     /lib/x86_64-linux-gnu/libpthread-2.17.so
7f75017e5000-7f75017e9000 rw-p 00000000 00:00 0 
7f75017e9000-7f75017ec000 r-xp 00000000 08:05 265662                     /lib/x86_64-linux-gnu/libdl-2.17.so
7f75017ec000-7f75019eb000 ---p 00003000 08:05 265662                     /lib/x86_64-linux-gnu/libdl-2.17.so
7f75019eb000-7f75019ec000 r--p 00002000 08:05 265662                     /lib/x86_64-linux-gnu/libdl-2.17.so
7f75019ec000-7f75019ed000 rw-p 00003000 08:05 265662                     /lib/x86_64-linux-gnu/libdl-2.17.so
7f75019ed000-7f7501baa000 r-xp 00000000 08:05 265647                     /lib/x86_64-linux-gnu/libc-2.17.so
7f7501baa000-7f7501daa000 ---p 001bd000 08:05 265647                     /lib/x86_64-linux-gnu/libc-2.17.so
7f7501daa000-7f7501dae000 r--p 001bd000 08:05 265647                     /lib/x86_64-linux-gnu/libc-2.17.so
7f7501dae000-7f7501db0000 rw-p 001c1000 08:05 265647                     /lib/x86_64-linux-gnu/libc-2.17.so
7f7501db0000-7f7501db5000 rw-p 00000000 00:00 0 
7f7501db5000-7f7501dc2000 r-xp 00000000 08:05 2224064                    /usr/lib/jvm/java-7-openjdk-amd64/jre/lib/amd64/jli/libjli.so
7f7501dc2000-7f7501fc1000 ---p 0000d000 08:05 2224064                    /usr/lib/jvm/java-7-openjdk-amd64/jre/lib/amd64/jli/libjli.so
7f7501fc1000-7f7501fc2000 r--p 0000c000 08:05 2224064                    /usr/lib/jvm/java-7-openjdk-amd64/jre/lib/amd64/jli/libjli.so
7f7501fc2000-7f7501fc3000 rw-p 0000d000 08:05 2224064                    /usr/lib/jvm/java-7-openjdk-amd64/jre/lib/amd64/jli/libjli.so
7f7501fc3000-7f7501fe6000 r-xp 00000000 08:05 265623                     /lib/x86_64-linux-gnu/ld-2.17.so
7f7501fe8000-7f7501fea000 rw-p 00000000 00:00 0 
7f7501fea000-7f7501fee000 r--s 00085000 08:05 2224075                    /usr/lib/jvm/java-7-openjdk-amd64/jre/lib/ext/localedata.jar
7f7501fee000-7f7501ff0000 r--s 00012000 08:05 2224078                    /usr/lib/jvm/java-7-openjdk-amd64/jre/lib/ext/zipfs.jar
7f7501ff0000-7f7502010000 rw-p 00000000 00:00 0 
7f7502010000-7f75020c6000 rw-p 00000000 00:00 0 
7f75020c6000-7f75020c9000 ---p 00000000 00:00 0 
7f75020c9000-7f75021cc000 rw-p 00000000 00:00 0                          [stack:4106]
7f75021cc000-7f75021ce000 r--s 00006000 08:05 2494414                    /usr/share/java/java-atk-wrapper.jar
7f75021ce000-7f75021d1000 r--s 00032000 08:05 2224079                    /usr/lib/jvm/java-7-openjdk-amd64/jre/lib/ext/sunjce_provider.jar
7f75021d1000-7f75021d5000 r--s 0003b000 08:05 2224084                    /usr/lib/jvm/java-7-openjdk-amd64/jre/lib/ext/sunpkcs11.jar
7f75021d5000-7f75021d6000 r--s 00002000 08:05 2224082                    /usr/lib/jvm/java-7-openjdk-amd64/jre/lib/ext/dnsns.jar
7f75021d6000-7f75021d9000 r--s 0000f000 08:05 2224076                    /usr/lib/jvm/java-7-openjdk-amd64/jre/lib/ext/pulse-java.jar
7f75021d9000-7f75021e1000 rw-s 00000000 08:05 1962266                    /tmp/hsperfdata_dentei3/4100
7f75021e1000-7f75021e2000 rw-p 00000000 00:00 0 
7f75021e2000-7f75021e3000 r--p 00000000 00:00 0 
7f75021e3000-7f75021e5000 rw-p 00000000 00:00 0 
7f75021e5000-7f75021e6000 r--p 00022000 08:05 265623                     /lib/x86_64-linux-gnu/ld-2.17.so
7f75021e6000-7f75021e8000 rw-p 00023000 08:05 265623                     /lib/x86_64-linux-gnu/ld-2.17.so
7fff9e891000-7fff9e8b2000 rw-p 00000000 00:00 0                          [stack]
7fff9e93c000-7fff9e93e000 r-xp 00000000 00:00 0                          [vdso]
ffffffffff600000-ffffffffff601000 r-xp 00000000 00:00 0                  [vsyscall]

VM Arguments:
jvm_args: -agentlib:jdwp=transport=dt_socket,suspend=y,address=localhost:58043 -Dfile.encoding=UTF-8 
java_command: loyal.Battle.Actions.Tester
Launcher Type: SUN_STANDARD

Environment Variables:
PATH=/usr/local/sbin:/usr/local/bin:/usr/sbin:/usr/bin:/sbin:/bin:/usr/games:/usr/local/games
USERNAME=dentei3
SHELL=/bin/bash
DISPLAY=:0

Signal Handlers:
SIGSEGV: [libjvm.so+0x916eb0], sa_mask[0]=0x7ffbfeff, sa_flags=0x10000004
SIGBUS: [libjvm.so+0x916eb0], sa_mask[0]=0x7ffbfeff, sa_flags=0x10000004
SIGFPE: [libjvm.so+0x7947e0], sa_mask[0]=0x7ffbfeff, sa_flags=0x10000004
SIGPIPE: [libjvm.so+0x7947e0], sa_mask[0]=0x7ffbfeff, sa_flags=0x10000004
SIGXFSZ: [libjvm.so+0x7947e0], sa_mask[0]=0x7ffbfeff, sa_flags=0x10000004
SIGILL: [libjvm.so+0x7947e0], sa_mask[0]=0x7ffbfeff, sa_flags=0x10000004
SIGUSR1: SIG_DFL, sa_mask[0]=0x00000000, sa_flags=0x00000000
SIGUSR2: [libjvm.so+0x794680], sa_mask[0]=0x00000004, sa_flags=0x10000004
SIGHUP: [libjvm.so+0x794860], sa_mask[0]=0x7ffbfeff, sa_flags=0x10000004
SIGINT: [libjvm.so+0x794860], sa_mask[0]=0x7ffbfeff, sa_flags=0x10000004
SIGTERM: [libjvm.so+0x794860], sa_mask[0]=0x7ffbfeff, sa_flags=0x10000004
SIGQUIT: [libjvm.so+0x794860], sa_mask[0]=0x7ffbfeff, sa_flags=0x10000004


---------------  S Y S T E M  ---------------

OS:LinuxMint 16 (petra)
uname:Linux 3.11.0-12-generic #19-Ubuntu SMP Wed Oct 9 16:20:46 UTC 2013 x86_64
libc:glibc 2.17 NPTL 2.17 
rlimit: STACK 8192k, CORE 0k, NPROC 29746, NOFILE 4096, AS infinity
load average:1.02 0.42 0.29

/proc/meminfo:
MemTotal:        3836888 kB
MemFree:         1031320 kB
Buffers:          182664 kB
Cached:          1054312 kB
SwapCached:            0 kB
Active:          1725080 kB
Inactive:         862724 kB
Active(anon):    1359612 kB
Inactive(anon):   235020 kB
Active(file):     365468 kB
Inactive(file):   627704 kB
Unevictable:         160 kB
Mlocked:             160 kB
SwapTotal:       3979260 kB
SwapFree:        3979260 kB
Dirty:              8896 kB
Writeback:             0 kB
AnonPages:       1350852 kB
Mapped:           204068 kB
Shmem:            243808 kB
Slab:             140976 kB
SReclaimable:     112312 kB
SUnreclaim:        28664 kB
KernelStack:        4080 kB
PageTables:        26468 kB
NFS_Unstable:          0 kB
Bounce:                0 kB
WritebackTmp:          0 kB
CommitLimit:     5897704 kB
Committed_AS:    4170548 kB
VmallocTotal:   34359738367 kB
VmallocUsed:      549244 kB
VmallocChunk:   34359184988 kB
HardwareCorrupted:     0 kB
AnonHugePages:         0 kB
HugePages_Total:       0
HugePages_Free:        0
HugePages_Rsvd:        0
HugePages_Surp:        0
Hugepagesize:       2048 kB
DirectMap4k:       63244 kB
DirectMap2M:     3917824 kB


CPU:total 4 (2 cores per cpu, 2 threads per core) family 6 model 37 stepping 5, cmov, cx8, fxsr, mmx, sse, sse2, sse3, ssse3, sse4.1, sse4.2, popcnt, aes, ht, tsc, tscinvbit

/proc/cpuinfo:
processor	: 0
vendor_id	: GenuineIntel
cpu family	: 6
model		: 37
model name	: Intel(R) Core(TM) i5 CPU       M 520  @ 2.40GHz
stepping	: 5
microcode	: 0x2
cpu MHz		: 1199.000
cache size	: 3072 KB
physical id	: 0
siblings	: 4
core id		: 0
cpu cores	: 2
apicid		: 0
initial apicid	: 0
fpu		: yes
fpu_exception	: yes
cpuid level	: 11
wp		: yes
flags		: fpu vme de pse tsc msr pae mce cx8 apic sep mtrr pge mca cmov pat pse36 clflush dts acpi mmx fxsr sse sse2 ss ht tm pbe syscall nx rdtscp lm constant_tsc arch_perfmon pebs bts rep_good nopl xtopology nonstop_tsc aperfmperf pni pclmulqdq dtes64 monitor ds_cpl vmx smx est tm2 ssse3 cx16 xtpr pdcm pcid sse4_1 sse4_2 popcnt aes lahf_lm ida arat dtherm tpr_shadow vnmi flexpriority ept vpid
bogomips	: 4787.79
clflush size	: 64
cache_alignment	: 64
address sizes	: 36 bits physical, 48 bits virtual
power management:

processor	: 1
vendor_id	: GenuineIntel
cpu family	: 6
model		: 37
model name	: Intel(R) Core(TM) i5 CPU       M 520  @ 2.40GHz
stepping	: 5
microcode	: 0x2
cpu MHz		: 1199.000
cache size	: 3072 KB
physical id	: 0
siblings	: 4
core id		: 0
cpu cores	: 2
apicid		: 1
initial apicid	: 1
fpu		: yes
fpu_exception	: yes
cpuid level	: 11
wp		: yes
flags		: fpu vme de pse tsc msr pae mce cx8 apic sep mtrr pge mca cmov pat pse36 clflush dts acpi mmx fxsr sse sse2 ss ht tm pbe syscall nx rdtscp lm constant_tsc arch_perfmon pebs bts rep_good nopl xtopology nonstop_tsc aperfmperf pni pclmulqdq dtes64 monitor ds_cpl vmx smx est tm2 ssse3 cx16 xtpr pdcm pcid sse4_1 sse4_2 popcnt aes lahf_lm ida arat dtherm tpr_shadow vnmi flexpriority ept vpid
bogomips	: 4787.79
clflush size	: 64
cache_alignment	: 64
address sizes	: 36 bits physical, 48 bits virtual
power management:

processor	: 2
vendor_id	: GenuineIntel
cpu family	: 6
model		: 37
model name	: Intel(R) Core(TM) i5 CPU       M 520  @ 2.40GHz
stepping	: 5
microcode	: 0x2
cpu MHz		: 1199.000
cache size	: 3072 KB
physical id	: 0
siblings	: 4
core id		: 2
cpu cores	: 2
apicid		: 4
initial apicid	: 4
fpu		: yes
fpu_exception	: yes
cpuid level	: 11
wp		: yes
flags		: fpu vme de pse tsc msr pae mce cx8 apic sep mtrr pge mca cmov pat pse36 clflush dts acpi mmx fxsr sse sse2 ss ht tm pbe syscall nx rdtscp lm constant_tsc arch_perfmon pebs bts rep_good nopl xtopology nonstop_tsc aperfmperf pni pclmulqdq dtes64 monitor ds_cpl vmx smx est tm2 ssse3 cx16 xtpr pdcm pcid sse4_1 sse4_2 popcnt aes lahf_lm ida arat dtherm tpr_shadow vnmi flexpriority ept vpid
bogomips	: 4787.79
clflush size	: 64
cache_alignment	: 64
address sizes	: 36 bits physical, 48 bits virtual
power management:

processor	: 3
vendor_id	: GenuineIntel
cpu family	: 6
model		: 37
model name	: Intel(R) Core(TM) i5 CPU       M 520  @ 2.40GHz
stepping	: 5
microcode	: 0x2
cpu MHz		: 2400.000
cache size	: 3072 KB
physical id	: 0
siblings	: 4
core id		: 2
cpu cores	: 2
apicid		: 5
initial apicid	: 5
fpu		: yes
fpu_exception	: yes
cpuid level	: 11
wp		: yes
flags		: fpu vme de pse tsc msr pae mce cx8 apic sep mtrr pge mca cmov pat pse36 clflush dts acpi mmx fxsr sse sse2 ss ht tm pbe syscall nx rdtscp lm constant_tsc arch_perfmon pebs bts rep_good nopl xtopology nonstop_tsc aperfmperf pni pclmulqdq dtes64 monitor ds_cpl vmx smx est tm2 ssse3 cx16 xtpr pdcm pcid sse4_1 sse4_2 popcnt aes lahf_lm ida arat dtherm tpr_shadow vnmi flexpriority ept vpid
bogomips	: 4787.79
clflush size	: 64
cache_alignment	: 64
address sizes	: 36 bits physical, 48 bits virtual
power management:



Memory: 4k page, physical 3836888k(1031320k free), swap 3979260k(3979260k free)

vm_info: OpenJDK 64-Bit Server VM (24.51-b03) for linux-amd64 JRE (1.7.0_55-b14), built on Apr 17 2014 21:13:26 by "buildd" with gcc 4.8.1

time: Sun Mar 15 14:45:03 2015
elapsed time: 27 seconds

